# JRE version: OpenJDK Runtime Environment Temurin-17.0.13+11 (17.0.13+11) (build 17.0.13+11)
# Java VM: OpenJDK 64-Bit Server VM Temurin-17.0.13+11 (17.0.13+11, mixed mode, tiered, compressed oops, compressed class ptrs, parallel gc, linux-amd64)
GC Precious Log:
 CPUs: 4 total, 4 available
 Memory: 7368M
 Large Page Support: Disabled
 NUMA Support: Disabled
 Compressed Oops: Enabled (32-bit)
 Alignments: Space 512K, Generation 512K, Heap 2M
 Heap Min Capacity: 100M
 Heap Initial Capacity: 100M
 Heap Max Capacity: 1G
 Pre-touch: Disabled
 Parallel Workers: 4
Heap:
 PSYoungGen      total 2560K, used 2560K [0x00000000eab00000, 0x00000000eb380000, 0x0000000100000000)
  eden space 1024K, 100% used [0x00000000eab00000,0x00000000eac00000,0x00000000eac00000)
  from space 1536K, 100% used [0x00000000eaf00000,0x00000000eb080000,0x00000000eb080000)
  to   space 3072K, 0% used [0x00000000eac00000,0x00000000eac00000,0x00000000eaf00000)
 ParOldGen       total 166912K, used 166425K [0x00000000c0000000, 0x00000000ca300000, 0x00000000eab00000)
  object space 166912K, 99% used [0x00000000c0000000,0x00000000ca286508,0x00000000ca300000)
 Metaspace       used 102939K, committed 104192K, reserved 1179648K
  class space    used 10329K, committed 10880K, reserved 1048576K
GC Heap History (20 events):
Event: 3234.921 GC heap after
{Heap after GC invocations=2829 (full 32):
 PSYoungGen      total 3584K, used 672K [0x00000000eab00000, 0x00000000eaf80000, 0x0000000100000000)
  eden space 2560K, 0% used [0x00000000eab00000,0x00000000eab00000,0x00000000ead80000)
  from space 1024K, 65% used [0x00000000ead80000,0x00000000eae28020,0x00000000eae80000)
  to   space 1024K, 0% used [0x00000000eae80000,0x00000000eae80000,0x00000000eaf80000)
 ParOldGen       total 165888K, used 164409K [0x00000000c0000000, 0x00000000ca200000, 0x00000000eab00000)
  object space 165888K, 99% used [0x00000000c0000000,0x00000000ca08e790,0x00000000ca200000)
 Metaspace       used 102936K, committed 104192K, reserved 1179648K
  class space    used 10329K, committed 10880K, reserved 1048576K
}
Event: 3234.947 GC heap before
{Heap before GC invocations=2830 (full 32):
 PSYoungGen      total 3584K, used 3232K [0x00000000eab00000, 0x00000000eaf80000, 0x0000000100000000)
  eden space 2560K, 100% used [0x00000000eab00000,0x00000000ead80000,0x00000000ead80000)
  from space 1024K, 65% used [0x00000000ead80000,0x00000000eae28020,0x00000000eae80000)
  to   space 1024K, 0% used [0x00000000eae80000,0x00000000eae80000,0x00000000eaf80000)
 ParOldGen       total 165888K, used 164409K [0x00000000c0000000, 0x00000000ca200000, 0x00000000eab00000)
  object space 165888K, 99% used [0x00000000c0000000,0x00000000ca08e790,0x00000000ca200000)
 Metaspace       used 102937K, committed 104192K, reserved 1179648K
  class space    used 10329K, committed 10880K, reserved 1048576K
}
Event: 3234.958 GC heap after
{Heap after GC invocations=2830 (full 32):
 PSYoungGen      total 3072K, used 224K [0x00000000eab00000, 0x00000000eaf00000, 0x0000000100000000)
  eden space 2560K, 0% used [0x00000000eab00000,0x00000000eab00000,0x00000000ead80000)
  from space 512K, 43% used [0x00000000eae80000,0x00000000eaeb8000,0x00000000eaf00000)
  to   space 512K, 0% used [0x00000000eae00000,0x00000000eae00000,0x00000000eae80000)
 ParOldGen       total 165888K, used 164649K [0x00000000c0000000, 0x00000000ca200000, 0x00000000eab00000)
  object space 165888K, 99% used [0x00000000c0000000,0x00000000ca0ca468,0x00000000ca200000)
 Metaspace       used 102937K, committed 104192K, reserved 1179648K
  class space    used 10329K, committed 10880K, reserved 1048576K
}
Event: 3235.014 GC heap before
{Heap before GC invocations=2831 (full 32):
 PSYoungGen      total 3072K, used 2784K [0x00000000eab00000, 0x00000000eaf00000, 0x0000000100000000)
  eden space 2560K, 100% used [0x00000000eab00000,0x00000000ead80000,0x00000000ead80000)
  from space 512K, 43% used [0x00000000eae80000,0x00000000eaeb8000,0x00000000eaf00000)
  to   space 512K, 0% used [0x00000000eae00000,0x00000000eae00000,0x00000000eae80000)
 ParOldGen       total 165888K, used 164649K [0x00000000c0000000, 0x00000000ca200000, 0x00000000eab00000)
  object space 165888K, 99% used [0x00000000c0000000,0x00000000ca0ca468,0x00000000ca200000)
 Metaspace       used 102937K, committed 104192K, reserved 1179648K
  class space    used 10329K, committed 10880K, reserved 1048576K
}
Event: 3235.021 GC heap after
{Heap after GC invocations=2831 (full 32):
 PSYoungGen      total 3072K, used 400K [0x00000000eab00000, 0x00000000eaf00000, 0x0000000100000000)
  eden space 2560K, 0% used [0x00000000eab00000,0x00000000eab00000,0x00000000ead80000)
  from space 512K, 78% used [0x00000000eae00000,0x00000000eae64030,0x00000000eae80000)
  to   space 512K, 0% used [0x00000000eae80000,0x00000000eae80000,0x00000000eaf00000)
 ParOldGen       total 165888K, used 164673K [0x00000000c0000000, 0x00000000ca200000, 0x00000000eab00000)
  object space 165888K, 99% used [0x00000000c0000000,0x00000000ca0d0468,0x00000000ca200000)
 Metaspace       used 102937K, committed 104192K, reserved 1179648K
  class space    used 10329K, committed 10880K, reserved 1048576K
}
Event: 3235.065 GC heap before
{Heap before GC invocations=2832 (full 32):
 PSYoungGen      total 3072K, used 2960K [0x00000000eab00000, 0x00000000eaf00000, 0x0000000100000000)
  eden space 2560K, 100% used [0x00000000eab00000,0x00000000ead80000,0x00000000ead80000)
  from space 512K, 78% used [0x00000000eae00000,0x00000000eae64030,0x00000000eae80000)
  to   space 512K, 0% used [0x00000000eae80000,0x00000000eae80000,0x00000000eaf00000)
 ParOldGen       total 165888K, used 164673K [0x00000000c0000000, 0x00000000ca200000, 0x00000000eab00000)
  object space 165888K, 99% used [0x00000000c0000000,0x00000000ca0d0468,0x00000000ca200000)
 Metaspace       used 102937K, committed 104192K, reserved 1179648K
  class space    used 10329K, committed 10880K, reserved 1048576K
}
Event: 3235.069 GC heap after
{Heap after GC invocations=2832 (full 32):
 PSYoungGen      total 3072K, used 128K [0x00000000eab00000, 0x00000000eaf00000, 0x0000000100000000)
  eden space 2560K, 0% used [0x00000000eab00000,0x00000000eab00000,0x00000000ead80000)
  from space 512K, 25% used [0x00000000eae80000,0x00000000eaea0000,0x00000000eaf00000)
  to   space 512K, 0% used [0x00000000eae00000,0x00000000eae00000,0x00000000eae80000)
 ParOldGen       total 165888K, used 164769K [0x00000000c0000000, 0x00000000ca200000, 0x00000000eab00000)
  object space 165888K, 99% used [0x00000000c0000000,0x00000000ca0e8488,0x00000000ca200000)
 Metaspace       used 102937K, committed 104192K, reserved 1179648K
  class space    used 10329K, committed 10880K, reserved 1048576K
}
Event: 3235.130 GC heap before
{Heap before GC invocations=2833 (full 32):
 PSYoungGen      total 3072K, used 2687K [0x00000000eab00000, 0x00000000eaf00000, 0x0000000100000000)
  eden space 2560K, 99% used [0x00000000eab00000,0x00000000ead7ffb8,0x00000000ead80000)
  from space 512K, 25% used [0x00000000eae80000,0x00000000eaea0000,0x00000000eaf00000)
  to   space 512K, 0% used [0x00000000eae00000,0x00000000eae00000,0x00000000eae80000)
 ParOldGen       total 165888K, used 164769K [0x00000000c0000000, 0x00000000ca200000, 0x00000000eab00000)
  object space 165888K, 99% used [0x00000000c0000000,0x00000000ca0e8488,0x00000000ca200000)
 Metaspace       used 102937K, committed 104192K, reserved 1179648K
  class space    used 10329K, committed 10880K, reserved 1048576K
}
Event: 3235.140 GC heap after
{Heap after GC invocations=2833 (full 32):
 PSYoungGen      total 3072K, used 400K [0x00000000eab00000, 0x00000000eaf00000, 0x0000000100000000)
  eden space 2560K, 0% used [0x00000000eab00000,0x00000000eab00000,0x00000000ead80000)
  from space 512K, 78% used [0x00000000eae00000,0x00000000eae64010,0x00000000eae80000)
  to   space 512K, 0% used [0x00000000eae80000,0x00000000eae80000,0x00000000eaf00000)
 ParOldGen       total 165888K, used 164785K [0x00000000c0000000, 0x00000000ca200000, 0x00000000eab00000)
  object space 165888K, 99% used [0x00000000c0000000,0x00000000ca0ec488,0x00000000ca200000)
 Metaspace       used 102937K, committed 104192K, reserved 1179648K
  class space    used 10329K, committed 10880K, reserved 1048576K
}
Event: 3235.162 GC heap before
{Heap before GC invocations=2834 (full 32):
 PSYoungGen      total 3072K, used 2960K [0x00000000eab00000, 0x00000000eaf00000, 0x0000000100000000)
  eden space 2560K, 99% used [0x00000000eab00000,0x00000000ead7fff8,0x00000000ead80000)
  from space 512K, 78% used [0x00000000eae00000,0x00000000eae64010,0x00000000eae80000)
  to   space 512K, 0% used [0x00000000eae80000,0x00000000eae80000,0x00000000eaf00000)
 ParOldGen       total 165888K, used 164785K [0x00000000c0000000, 0x00000000ca200000, 0x00000000eab00000)
  object space 165888K, 99% used [0x00000000c0000000,0x00000000ca0ec488,0x00000000ca200000)
 Metaspace       used 102937K, committed 104192K, reserved 1179648K
  class space    used 10329K, committed 10880K, reserved 1048576K
}
Event: 3235.171 GC heap after
{Heap after GC invocations=2834 (full 32):
 PSYoungGen      total 3072K, used 512K [0x00000000eab00000, 0x00000000eaf80000, 0x0000000100000000)
  eden space 2560K, 0% used [0x00000000eab00000,0x00000000eab00000,0x00000000ead80000)
  from space 512K, 100% used [0x00000000eae80000,0x00000000eaf00000,0x00000000eaf00000)
  to   space 1024K, 0% used [0x00000000ead80000,0x00000000ead80000,0x00000000eae80000)
 ParOldGen       total 165888K, used 164817K [0x00000000c0000000, 0x00000000ca200000, 0x00000000eab00000)
  object space 165888K, 99% used [0x00000000c0000000,0x00000000ca0f4488,0x00000000ca200000)
 Metaspace       used 102937K, committed 104192K, reserved 1179648K
  class space    used 10329K, committed 10880K, reserved 1048576K
}
Event: 3235.481 GC heap before
{Heap before GC invocations=2835 (full 32):
 PSYoungGen      total 3072K, used 3072K [0x00000000eab00000, 0x00000000eaf80000, 0x0000000100000000)
  eden space 2560K, 100% used [0x00000000eab00000,0x00000000ead80000,0x00000000ead80000)
  from space 512K, 100% used [0x00000000eae80000,0x00000000eaf00000,0x00000000eaf00000)
  to   space 1024K, 0% used [0x00000000ead80000,0x00000000ead80000,0x00000000eae80000)
 ParOldGen       total 165888K, used 164817K [0x00000000c0000000, 0x00000000ca200000, 0x00000000eab00000)
  object space 165888K, 99% used [0x00000000c0000000,0x00000000ca0f4488,0x00000000ca200000)
 Metaspace       used 102937K, committed 104192K, reserved 1179648K
  class space    used 10329K, committed 10880K, reserved 1048576K
}
Event: 3235.485 GC heap after
{Heap after GC invocations=2835 (full 32):
 PSYoungGen      total 3584K, used 480K [0x00000000eab00000, 0x00000000eaf00000, 0x0000000100000000)
  eden space 2560K, 0% used [0x00000000eab00000,0x00000000eab00000,0x00000000ead80000)
  from space 1024K, 46% used [0x00000000ead80000,0x00000000eadf8020,0x00000000eae80000)
  to   space 512K, 0% used [0x00000000eae80000,0x00000000eae80000,0x00000000eaf00000)
 ParOldGen       total 165888K, used 164825K [0x00000000c0000000, 0x00000000ca200000, 0x00000000eab00000)
  object space 165888K, 99% used [0x00000000c0000000,0x00000000ca0f6488,0x00000000ca200000)
 Metaspace       used 102937K, committed 104192K, reserved 1179648K
  class space    used 10329K, committed 10880K, reserved 1048576K
}
Event: 3235.529 GC heap before
{Heap before GC invocations=2836 (full 32):
 PSYoungGen      total 3584K, used 3040K [0x00000000eab00000, 0x00000000eaf00000, 0x0000000100000000)
  eden space 2560K, 100% used [0x00000000eab00000,0x00000000ead80000,0x00000000ead80000)
  from space 1024K, 46% used [0x00000000ead80000,0x00000000eadf8020,0x00000000eae80000)
  to   space 512K, 0% used [0x00000000eae80000,0x00000000eae80000,0x00000000eaf00000)
 ParOldGen       total 165888K, used 164825K [0x00000000c0000000, 0x00000000ca200000, 0x00000000eab00000)
  object space 165888K, 99% used [0x00000000c0000000,0x00000000ca0f6488,0x00000000ca200000)
 Metaspace       used 102937K, committed 104192K, reserved 1179648K
  class space    used 10329K, committed 10880K, reserved 1048576K
}
Event: 3235.532 GC heap after
{Heap after GC invocations=2836 (full 32):
 PSYoungGen      total 3072K, used 160K [0x00000000eab00000, 0x00000000eaf00000, 0x0000000100000000)
  eden space 2560K, 0% used [0x00000000eab00000,0x00000000eab00000,0x00000000ead80000)
  from space 512K, 31% used [0x00000000eae80000,0x00000000eaea8000,0x00000000eaf00000)
  to   space 512K, 0% used [0x00000000eae00000,0x00000000eae00000,0x00000000eae80000)
 ParOldGen       total 165888K, used 164917K [0x00000000c0000000, 0x00000000ca200000, 0x00000000eab00000)
  object space 165888K, 99% used [0x00000000c0000000,0x00000000ca10d4b8,0x00000000ca200000)
 Metaspace       used 102937K, committed 104192K, reserved 1179648K
  class space    used 10329K, committed 10880K, reserved 1048576K
}
Event: 3235.673 GC heap before
{Heap before GC invocations=2837 (full 32):
 PSYoungGen      total 3072K, used 2720K [0x00000000eab00000, 0x00000000eaf00000, 0x0000000100000000)
  eden space 2560K, 100% used [0x00000000eab00000,0x00000000ead80000,0x00000000ead80000)
  from space 512K, 31% used [0x00000000eae80000,0x00000000eaea8000,0x00000000eaf00000)
  to   space 512K, 0% used [0x00000000eae00000,0x00000000eae00000,0x00000000eae80000)
 ParOldGen       total 165888K, used 164917K [0x00000000c0000000, 0x00000000ca200000, 0x00000000eab00000)
  object space 165888K, 99% used [0x00000000c0000000,0x00000000ca10d4b8,0x00000000ca200000)
 Metaspace       used 102938K, committed 104192K, reserved 1179648K
  class space    used 10329K, committed 10880K, reserved 1048576K
}
Event: 3235.676 GC heap after
{Heap after GC invocations=2837 (full 32):
 PSYoungGen      total 3072K, used 486K [0x00000000eab00000, 0x00000000eb080000, 0x0000000100000000)
  eden space 2560K, 0% used [0x00000000eab00000,0x00000000eab00000,0x00000000ead80000)
  from space 512K, 94% used [0x00000000eae00000,0x00000000eae79828,0x00000000eae80000)
  to   space 1536K, 0% used [0x00000000eaf00000,0x00000000eaf00000,0x00000000eb080000)
 ParOldGen       total 165888K, used 165347K [0x00000000c0000000, 0x00000000ca200000, 0x00000000eab00000)
  object space 165888K, 99% used [0x00000000c0000000,0x00000000ca178ce0,0x00000000ca200000)
 Metaspace       used 102938K, committed 104192K, reserved 1179648K
  class space    used 10329K, committed 10880K, reserved 1048576K
}
Event: 3235.684 GC heap before
{Heap before GC invocations=2838 (full 32):
 PSYoungGen      total 3072K, used 3046K [0x00000000eab00000, 0x00000000eb080000, 0x0000000100000000)
  eden space 2560K, 100% used [0x00000000eab00000,0x00000000ead80000,0x00000000ead80000)
  from space 512K, 94% used [0x00000000eae00000,0x00000000eae79828,0x00000000eae80000)
  to   space 1536K, 0% used [0x00000000eaf00000,0x00000000eaf00000,0x00000000eb080000)
 ParOldGen       total 165888K, used 165347K [0x00000000c0000000, 0x00000000ca200000, 0x00000000eab00000)
  object space 165888K, 99% used [0x00000000c0000000,0x00000000ca178ce0,0x00000000ca200000)
 Metaspace       used 102939K, committed 104192K, reserved 1179648K
  class space    used 10329K, committed 10880K, reserved 1048576K
}
Event: 3235.691 GC heap after
{Heap after GC invocations=2838 (full 32):
 PSYoungGen      total 2560K, used 1536K [0x00000000eab00000, 0x00000000eb380000, 0x0000000100000000)
  eden space 1024K, 0% used [0x00000000eab00000,0x00000000eab00000,0x00000000eac00000)
  from space 1536K, 100% used [0x00000000eaf00000,0x00000000eb080000,0x00000000eb080000)
  to   space 3072K, 0% used [0x00000000eac00000,0x00000000eac00000,0x00000000eaf00000)
 ParOldGen       total 166912K, used 166425K [0x00000000c0000000, 0x00000000ca300000, 0x00000000eab00000)
  object space 166912K, 99% used [0x00000000c0000000,0x00000000ca286508,0x00000000ca300000)
 Metaspace       used 102939K, committed 104192K, reserved 1179648K
  class space    used 10329K, committed 10880K, reserved 1048576K
}
Event: 3235.694 GC heap before
{Heap before GC invocations=2839 (full 33):
 PSYoungGen      total 2560K, used 2560K [0x00000000eab00000, 0x00000000eb380000, 0x0000000100000000)
  eden space 1024K, 100% used [0x00000000eab00000,0x00000000eac00000,0x00000000eac00000)
  from space 1536K, 100% used [0x00000000eaf00000,0x00000000eb080000,0x00000000eb080000)
  to   space 3072K, 0% used [0x00000000eac00000,0x00000000eac00000,0x00000000eaf00000)
 ParOldGen       total 166912K, used 166425K [0x00000000c0000000, 0x00000000ca300000, 0x00000000eab00000)
  object space 166912K, 99% used [0x00000000c0000000,0x00000000ca286508,0x00000000ca300000)
 Metaspace       used 102939K, committed 104192K, reserved 1179648K
  class space    used 10329K, committed 10880K, reserved 1048576K
}

